<?xml version="1.0" encoding="UTF-8"?>
<robot generator="Robot 6.0.2 (Python 3.9.5 on win32)" generated="20230216 15:20:05.912" rpa="false" schemaversion="3">
<suite id="s1" name="Insurance Form Test" source="C:\Users\anpot\Desktop\Automation\Selenium\selenium_robot\insurance_form_test.robot">
<test id="s1-t1" name="Fill Out Web Form" line="5">
<kw name="Open Browser" library="SeleniumLibrary">
<arg>http://sampleapp.tricentis.com/101/app.php</arg>
<arg>chrome</arg>
<doc>Opens a new browser instance to the optional ``url``.</doc>
<msg timestamp="20230216 15:20:06.150" level="INFO">Opening browser 'chrome' to base url 'http://sampleapp.tricentis.com/101/app.php'.</msg>
<status status="PASS" starttime="20230216 15:20:06.150" endtime="20230216 15:20:10.069"/>
</kw>
<kw name="Wait Until Page Contains Element" library="SeleniumLibrary">
<arg>id=make</arg>
<arg>timeout=10s</arg>
<doc>Waits until the element ``locator`` appears on the current page.</doc>
<status status="PASS" starttime="20230216 15:20:10.069" endtime="20230216 15:20:10.079"/>
</kw>
<kw name="Select From List By Value" library="SeleniumLibrary">
<arg>id=make</arg>
<arg>Audi</arg>
<doc>Selects options from selection list ``locator`` by ``values``.</doc>
<msg timestamp="20230216 15:20:10.079" level="INFO">Selecting options from selection list 'id=make' by value Audi.</msg>
<status status="PASS" starttime="20230216 15:20:10.079" endtime="20230216 15:20:10.127"/>
</kw>
<kw name="Input Text" library="SeleniumLibrary">
<arg>id=engineperformance</arg>
<arg>200</arg>
<doc>Types the given ``text`` into the text field identified by ``locator``.</doc>
<msg timestamp="20230216 15:20:10.127" level="INFO">Typing text '200' into text field 'id=engineperformance'.</msg>
<status status="PASS" starttime="20230216 15:20:10.127" endtime="20230216 15:20:10.209"/>
</kw>
<kw name="Input Text" library="SeleniumLibrary">
<arg>id=dateofmanufacture</arg>
<arg>02/16/2023</arg>
<doc>Types the given ``text`` into the text field identified by ``locator``.</doc>
<msg timestamp="20230216 15:20:10.209" level="INFO">Typing text '02/16/2023' into text field 'id=dateofmanufacture'.</msg>
<status status="PASS" starttime="20230216 15:20:10.209" endtime="20230216 15:20:10.329"/>
</kw>
<kw name="Select From List By Value" library="SeleniumLibrary">
<arg>id=numberofseats</arg>
<arg>4</arg>
<doc>Selects options from selection list ``locator`` by ``values``.</doc>
<msg timestamp="20230216 15:20:10.330" level="INFO">Selecting options from selection list 'id=numberofseats' by value 4.</msg>
<status status="PASS" starttime="20230216 15:20:10.330" endtime="20230216 15:20:10.397"/>
</kw>
<kw name="Select From List By Value" library="SeleniumLibrary">
<arg>id=fuel</arg>
<arg>Gas</arg>
<doc>Selects options from selection list ``locator`` by ``values``.</doc>
<msg timestamp="20230216 15:20:10.398" level="INFO">Selecting options from selection list 'id=fuel' by value Gas.</msg>
<status status="PASS" starttime="20230216 15:20:10.398" endtime="20230216 15:20:10.463"/>
</kw>
<kw name="Input Text" library="SeleniumLibrary">
<arg>id=listprice</arg>
<arg>40000</arg>
<doc>Types the given ``text`` into the text field identified by ``locator``.</doc>
<msg timestamp="20230216 15:20:10.464" level="INFO">Typing text '40000' into text field 'id=listprice'.</msg>
<status status="PASS" starttime="20230216 15:20:10.463" endtime="20230216 15:20:10.567"/>
</kw>
<kw name="Input Text" library="SeleniumLibrary">
<arg>id=licenseplatenumber</arg>
<arg>ABC123</arg>
<doc>Types the given ``text`` into the text field identified by ``locator``.</doc>
<msg timestamp="20230216 15:20:10.568" level="INFO">Typing text 'ABC123' into text field 'id=licenseplatenumber'.</msg>
<status status="PASS" starttime="20230216 15:20:10.567" endtime="20230216 15:20:10.642"/>
</kw>
<kw name="Input Text" library="SeleniumLibrary">
<arg>id=annualmileage</arg>
<arg>10000</arg>
<doc>Types the given ``text`` into the text field identified by ``locator``.</doc>
<msg timestamp="20230216 15:20:10.642" level="INFO">Typing text '10000' into text field 'id=annualmileage'.</msg>
<status status="PASS" starttime="20230216 15:20:10.642" endtime="20230216 15:20:10.712"/>
</kw>
<kw name="Click Button" library="SeleniumLibrary">
<arg>css=button[id="nextenterinsurantdata"]</arg>
<doc>Clicks the button identified by ``locator``.</doc>
<msg timestamp="20230216 15:20:10.713" level="INFO">Clicking button 'css=button[id="nextenterinsurantdata"]'.</msg>
<status status="PASS" starttime="20230216 15:20:10.712" endtime="20230216 15:20:10.770"/>
</kw>
<kw name="Sleep" library="BuiltIn">
<arg>3s</arg>
<doc>Pauses the test executed for the given time.</doc>
<msg timestamp="20230216 15:20:13.778" level="INFO">Slept 3 seconds</msg>
<status status="PASS" starttime="20230216 15:20:10.770" endtime="20230216 15:20:13.778"/>
</kw>
<kw name="Close Browser" library="SeleniumLibrary">
<doc>Closes the current browser.</doc>
<status status="PASS" starttime="20230216 15:20:13.778" endtime="20230216 15:20:16.068"/>
</kw>
<status status="PASS" starttime="20230216 15:20:06.149" endtime="20230216 15:20:16.069"/>
</test>
<status status="PASS" starttime="20230216 15:20:05.914" endtime="20230216 15:20:16.074"/>
</suite>
<statistics>
<total>
<stat pass="1" fail="0" skip="0">All Tests</stat>
</total>
<tag>
</tag>
<suite>
<stat pass="1" fail="0" skip="0" id="s1" name="Insurance Form Test">Insurance Form Test</stat>
</suite>
</statistics>
<errors>
</errors>
</robot>
